2023-08-30 20:08:39,891 : INFO : ***** Test_003_AddCustomer *****
2023-08-30 20:08:49,511 : INFO : ******* Login successful ********
2023-08-30 20:08:52,512 : INFO : ******* Starting Add Customer Test **********
2023-08-30 20:08:55,700 : INFO : ******* Providing customer info ******
2023-08-30 20:09:11,513 : INFO : ********** Saving customer info ********
2023-08-30 20:09:11,513 : INFO : ********** Add customer validation started ********
2023-08-30 20:09:11,782 : INFO : ***** Add customer Test Passed *****
2023-08-30 20:09:12,026 : INFO : ******* Ending Home Page Title Test ******
2023-08-30 21:21:42,318 : INFO : ********** SearchCustomerByEmail_004 **********
2023-08-30 21:21:49,148 : INFO : ***** Login successful *****
2023-08-30 21:21:49,148 : INFO : ******* Starting Search Customer By Email *********
2023-08-30 21:21:51,333 : INFO : ******** searching customer by emailID *******
2023-08-30 21:22:28,814 : INFO : ********** SearchCustomerByEmail_004 **********
2023-08-30 21:22:35,221 : INFO : ***** Login successful *****
2023-08-30 21:22:35,221 : INFO : ******* Starting Search Customer By Email *********
2023-08-30 21:22:36,803 : INFO : ******** searching customer by emailID *******
2023-08-30 21:33:24,327 : INFO : ********** SearchCustomerByEmail_004 **********
2023-08-30 21:33:32,371 : INFO : ***** Login successful *****
2023-08-30 21:33:32,371 : INFO : ******* Starting Search Customer By Email *********
2023-08-30 21:33:34,445 : INFO : ******** searching customer by emailID *******
2023-08-30 21:49:18,459 : INFO : ********** SearchCustomerByEmail_004 **********
2023-08-30 21:49:27,503 : INFO : ***** Login successful *****
2023-08-30 21:49:27,503 : INFO : ******* Starting Search Customer By Email *********
2023-08-30 21:49:29,307 : INFO : ******** searching customer by emailID *******
2023-08-30 22:21:51,561 : INFO : ********** SearchCustomerByEmail_004 **********
2023-08-30 22:21:58,441 : INFO : ***** Login successful *****
2023-08-30 22:21:58,442 : INFO : ******* Starting Search Customer By Email *********
2023-08-30 22:22:00,073 : INFO : ******** searching customer by emailID *******
2023-08-31 11:31:25,807 : INFO : ********** SearchCustomerByName_004 **********
2023-08-31 11:31:37,307 : INFO : ***** Login successful *****
2023-08-31 11:31:37,307 : INFO : ******* Starting Search Customer By Name *********
2023-08-31 11:31:39,611 : INFO : ******** searching customer by Name *******
2023-08-31 11:43:34,960 : INFO : ********** SearchCustomerByEmail_004 **********
2023-08-31 11:43:43,938 : INFO : ***** Login successful *****
2023-08-31 11:43:43,946 : INFO : ******* Starting Search Customer By Email *********
2023-08-31 11:43:46,142 : INFO : ******** searching customer by emailID *******
2023-08-31 11:44:37,208 : INFO : ********** SearchCustomerByEmail_004 **********
2023-08-31 11:44:43,269 : INFO : ***** Login successful *****
2023-08-31 11:44:43,269 : INFO : ******* Starting Search Customer By Email *********
2023-08-31 11:44:45,601 : INFO : ******** searching customer by emailID *******
2023-08-31 11:45:30,510 : INFO : ********** SearchCustomerByEmail_004 **********
2023-08-31 11:45:38,056 : INFO : ***** Login successful *****
2023-08-31 11:45:38,056 : INFO : ******* Starting Search Customer By Email *********
2023-08-31 11:45:40,531 : INFO : ******** searching customer by emailID *******
2023-08-31 11:46:42,616 : INFO : ********** SearchCustomerByEmail_004 **********
2023-08-31 11:46:51,780 : INFO : ***** Login successful *****
2023-08-31 11:46:51,780 : INFO : ******* Starting Search Customer By Email *********
2023-08-31 11:46:53,917 : INFO : ******** searching customer by emailID *******
2023-08-31 11:46:59,484 : INFO : ******* TC_SearchCustomerBy Email_004 Finished ******
2023-08-31 11:50:36,835 : INFO : ********** SearchCustomerByEmail_004 **********
2023-08-31 11:50:45,531 : INFO : ***** Login successful *****
2023-08-31 11:50:45,531 : INFO : ******* Starting Search Customer By Email *********
2023-08-31 11:50:47,693 : INFO : ******** searching customer by emailID *******
2023-08-31 11:50:53,332 : INFO : ******* TC_SearchCustomerBy Email_004 Finished ******
2023-08-31 12:02:37,326 : INFO : ********** SearchCustomerByName_004 **********
2023-08-31 12:02:47,520 : INFO : ***** Login successful *****
2023-08-31 12:02:47,520 : INFO : ******* Starting Search Customer By Name *********
2023-08-31 12:02:49,820 : INFO : ******** searching customer by Name *******
2023-08-31 12:05:47,553 : INFO : ********** SearchCustomerByName_004 **********
2023-08-31 12:05:55,867 : INFO : ***** Login successful *****
2023-08-31 12:05:55,867 : INFO : ******* Starting Search Customer By Name *********
2023-08-31 12:05:57,995 : INFO : ******** searching customer by Name *******
2023-08-31 12:06:03,711 : INFO : ******* TC_SearchCustomerByName_005 Finished ******
2023-08-31 13:33:57,142 : INFO : ***** Test_003_AddCustomer *****
2023-08-31 13:33:57,142 : INFO : ***** Test_003_AddCustomer *****
2023-08-31 13:33:57,142 : INFO : ***** Test_003_AddCustomer *****
2023-08-31 13:33:57,142 : INFO : ***** Test_003_AddCustomer *****
2023-08-31 13:33:57,142 : INFO : ***** Test_003_AddCustomer *****
2023-08-31 13:34:04,930 : INFO : ******* Login successful ********
2023-08-31 13:34:04,930 : INFO : ******* Login successful ********
2023-08-31 13:34:04,930 : INFO : ******* Login successful ********
2023-08-31 13:34:04,930 : INFO : ******* Login successful ********
2023-08-31 13:34:04,930 : INFO : ******* Login successful ********
2023-08-31 13:34:07,931 : INFO : ******* Starting Add Customer Test **********
2023-08-31 13:34:07,931 : INFO : ******* Starting Add Customer Test **********
2023-08-31 13:34:07,931 : INFO : ******* Starting Add Customer Test **********
2023-08-31 13:34:07,931 : INFO : ******* Starting Add Customer Test **********
2023-08-31 13:34:07,931 : INFO : ******* Starting Add Customer Test **********
2023-08-31 13:34:11,729 : INFO : ******* Providing customer info ******
2023-08-31 13:34:11,729 : INFO : ******* Providing customer info ******
2023-08-31 13:34:11,729 : INFO : ******* Providing customer info ******
2023-08-31 13:34:11,729 : INFO : ******* Providing customer info ******
2023-08-31 13:34:11,729 : INFO : ******* Providing customer info ******
2023-08-31 13:34:43,687 : INFO : ************ Verifying Login test ************
2023-08-31 13:34:43,687 : INFO : ************ Verifying Login test ************
2023-08-31 13:34:43,687 : INFO : ************ Verifying Login test ************
2023-08-31 13:34:43,687 : INFO : ************ Verifying Login test ************
2023-08-31 13:34:43,687 : INFO : ************ Verifying Login test ************
2023-08-31 13:34:59,520 : INFO : ************ Login Test is Passed ************
2023-08-31 13:34:59,520 : INFO : ************ Login Test is Passed ************
2023-08-31 13:34:59,520 : INFO : ************ Login Test is Passed ************
2023-08-31 13:34:59,520 : INFO : ************ Login Test is Passed ************
2023-08-31 13:34:59,520 : INFO : ************ Login Test is Passed ************
2023-08-31 13:36:18,244 : INFO : ***** Test_003_AddCustomer *****
2023-08-31 13:36:25,942 : INFO : ******* Login successful ********
2023-08-31 13:36:28,943 : INFO : ******* Starting Add Customer Test **********
2023-08-31 13:36:32,033 : INFO : ******* Providing customer info ******
2023-08-31 13:37:20,736 : INFO : ***** Test_003_AddCustomer *****
2023-08-31 13:37:26,001 : INFO : ******* Login successful ********
2023-08-31 13:37:29,002 : INFO : ******* Starting Add Customer Test **********
2023-08-31 13:37:32,364 : INFO : ******* Providing customer info ******
2023-08-31 13:45:27,892 : INFO : ***** Test_003_AddCustomer *****
2023-08-31 13:45:36,564 : INFO : ******* Login successful ********
2023-08-31 13:45:39,564 : INFO : ******* Starting Add Customer Test **********
2023-08-31 13:45:43,867 : INFO : ******* Providing customer info ******
2023-08-31 14:02:00,976 : INFO : ************ Test_001_Login ************
2023-08-31 14:02:00,976 : INFO : ************ Test_001_Login ************
2023-08-31 14:02:00,976 : INFO : ************ Test_001_Login ************
2023-08-31 14:02:00,976 : INFO : ************ Test_001_Login ************
2023-08-31 14:02:00,976 : INFO : ************ Test_001_Login ************
2023-08-31 14:02:00,976 : INFO : ************ Verifying Home Page Tittle ************
2023-08-31 14:02:00,976 : INFO : ************ Verifying Home Page Tittle ************
2023-08-31 14:02:00,976 : INFO : ************ Verifying Home Page Tittle ************
2023-08-31 14:02:00,976 : INFO : ************ Verifying Home Page Tittle ************
2023-08-31 14:02:00,976 : INFO : ************ Verifying Home Page Tittle ************
2023-08-31 14:02:07,397 : INFO : ************ Home Page Tittle Test is Passed ************
2023-08-31 14:02:07,397 : INFO : ************ Home Page Tittle Test is Passed ************
2023-08-31 14:02:07,397 : INFO : ************ Home Page Tittle Test is Passed ************
2023-08-31 14:02:07,397 : INFO : ************ Home Page Tittle Test is Passed ************
2023-08-31 14:02:07,397 : INFO : ************ Home Page Tittle Test is Passed ************
2023-08-31 14:02:09,322 : INFO : ************ Verifying Login test ************
2023-08-31 14:02:09,322 : INFO : ************ Verifying Login test ************
2023-08-31 14:02:09,322 : INFO : ************ Verifying Login test ************
2023-08-31 14:02:09,322 : INFO : ************ Verifying Login test ************
2023-08-31 14:02:09,322 : INFO : ************ Verifying Login test ************
2023-08-31 14:02:21,686 : INFO : ************ Login Test is Passed ************
2023-08-31 14:02:21,686 : INFO : ************ Login Test is Passed ************
2023-08-31 14:02:21,686 : INFO : ************ Login Test is Passed ************
2023-08-31 14:02:21,686 : INFO : ************ Login Test is Passed ************
2023-08-31 14:02:21,686 : INFO : ************ Login Test is Passed ************
2023-08-31 14:02:23,618 : INFO : ************ Test_002_DDT_Login ************
2023-08-31 14:02:23,618 : INFO : ************ Test_002_DDT_Login ************
2023-08-31 14:02:23,618 : INFO : ************ Test_002_DDT_Login ************
2023-08-31 14:02:23,618 : INFO : ************ Test_002_DDT_Login ************
2023-08-31 14:02:23,618 : INFO : ************ Test_002_DDT_Login ************
2023-08-31 14:02:23,618 : INFO : ************ Verifying Login DDT test ************
2023-08-31 14:02:23,618 : INFO : ************ Verifying Login DDT test ************
2023-08-31 14:02:23,618 : INFO : ************ Verifying Login DDT test ************
2023-08-31 14:02:23,618 : INFO : ************ Verifying Login DDT test ************
2023-08-31 14:02:23,618 : INFO : ************ Verifying Login DDT test ************
2023-08-31 14:02:30,569 : INFO : ***** Passed *****
2023-08-31 14:02:30,569 : INFO : ***** Passed *****
2023-08-31 14:02:30,569 : INFO : ***** Passed *****
2023-08-31 14:02:30,569 : INFO : ***** Passed *****
2023-08-31 14:02:30,569 : INFO : ***** Passed *****
2023-08-31 14:02:35,447 : INFO : ***** Passed *****
2023-08-31 14:02:35,447 : INFO : ***** Passed *****
2023-08-31 14:02:35,447 : INFO : ***** Passed *****
2023-08-31 14:02:35,447 : INFO : ***** Passed *****
2023-08-31 14:02:35,447 : INFO : ***** Passed *****
2023-08-31 14:02:36,239 : INFO : ***** Passed *****
2023-08-31 14:02:36,239 : INFO : ***** Passed *****
2023-08-31 14:02:36,239 : INFO : ***** Passed *****
2023-08-31 14:02:36,239 : INFO : ***** Passed *****
2023-08-31 14:02:36,239 : INFO : ***** Passed *****
2023-08-31 14:02:37,038 : INFO : ***** Passed *****
2023-08-31 14:02:37,038 : INFO : ***** Passed *****
2023-08-31 14:02:37,038 : INFO : ***** Passed *****
2023-08-31 14:02:37,038 : INFO : ***** Passed *****
2023-08-31 14:02:37,038 : INFO : ***** Passed *****
2023-08-31 14:02:37,038 : INFO : ***** Login DDT Test Passed *****
2023-08-31 14:02:37,038 : INFO : ***** Login DDT Test Passed *****
2023-08-31 14:02:37,038 : INFO : ***** Login DDT Test Passed *****
2023-08-31 14:02:37,038 : INFO : ***** Login DDT Test Passed *****
2023-08-31 14:02:37,038 : INFO : ***** Login DDT Test Passed *****
2023-08-31 14:02:37,208 : INFO : ***** End of Login DDT Test *****
2023-08-31 14:02:37,208 : INFO : ***** End of Login DDT Test *****
2023-08-31 14:02:37,208 : INFO : ***** End of Login DDT Test *****
2023-08-31 14:02:37,208 : INFO : ***** End of Login DDT Test *****
2023-08-31 14:02:37,208 : INFO : ***** End of Login DDT Test *****
2023-08-31 14:02:37,209 : INFO : ***** Completed TC_Login_DDT_002 *****
2023-08-31 14:02:37,209 : INFO : ***** Completed TC_Login_DDT_002 *****
2023-08-31 14:02:37,209 : INFO : ***** Completed TC_Login_DDT_002 *****
2023-08-31 14:02:37,209 : INFO : ***** Completed TC_Login_DDT_002 *****
2023-08-31 14:02:37,209 : INFO : ***** Completed TC_Login_DDT_002 *****
2023-08-31 14:02:39,145 : INFO : ********** SearchCustomerByEmail_004 **********
2023-08-31 14:02:39,145 : INFO : ********** SearchCustomerByEmail_004 **********
2023-08-31 14:02:39,145 : INFO : ********** SearchCustomerByEmail_004 **********
2023-08-31 14:02:39,145 : INFO : ********** SearchCustomerByEmail_004 **********
2023-08-31 14:02:39,145 : INFO : ********** SearchCustomerByEmail_004 **********
2023-08-31 14:02:45,694 : INFO : ***** Login successful *****
2023-08-31 14:02:45,694 : INFO : ***** Login successful *****
2023-08-31 14:02:45,694 : INFO : ***** Login successful *****
2023-08-31 14:02:45,694 : INFO : ***** Login successful *****
2023-08-31 14:02:45,694 : INFO : ***** Login successful *****
2023-08-31 14:02:45,695 : INFO : ******* Starting Search Customer By Email *********
2023-08-31 14:02:45,695 : INFO : ******* Starting Search Customer By Email *********
2023-08-31 14:02:45,695 : INFO : ******* Starting Search Customer By Email *********
2023-08-31 14:02:45,695 : INFO : ******* Starting Search Customer By Email *********
2023-08-31 14:02:45,695 : INFO : ******* Starting Search Customer By Email *********
2023-08-31 14:02:47,436 : INFO : ******** searching customer by emailID *******
2023-08-31 14:02:47,436 : INFO : ******** searching customer by emailID *******
2023-08-31 14:02:47,436 : INFO : ******** searching customer by emailID *******
2023-08-31 14:02:47,436 : INFO : ******** searching customer by emailID *******
2023-08-31 14:02:47,436 : INFO : ******** searching customer by emailID *******
2023-08-31 14:02:52,879 : INFO : ******* TC_SearchCustomerBy Email_004 Finished ******
2023-08-31 14:02:52,879 : INFO : ******* TC_SearchCustomerBy Email_004 Finished ******
2023-08-31 14:02:52,879 : INFO : ******* TC_SearchCustomerBy Email_004 Finished ******
2023-08-31 14:02:52,879 : INFO : ******* TC_SearchCustomerBy Email_004 Finished ******
2023-08-31 14:02:52,879 : INFO : ******* TC_SearchCustomerBy Email_004 Finished ******
2023-08-31 15:13:51,134 : INFO : ************ Test_001_Login ************
2023-08-31 15:13:51,134 : INFO : ************ Test_001_Login ************
2023-08-31 15:13:51,134 : INFO : ************ Test_001_Login ************
2023-08-31 15:13:51,134 : INFO : ************ Test_001_Login ************
2023-08-31 15:13:51,134 : INFO : ************ Test_001_Login ************
2023-08-31 15:13:51,136 : INFO : ************ Verifying Home Page Tittle ************
2023-08-31 15:13:51,136 : INFO : ************ Verifying Home Page Tittle ************
2023-08-31 15:13:51,136 : INFO : ************ Verifying Home Page Tittle ************
2023-08-31 15:13:51,136 : INFO : ************ Verifying Home Page Tittle ************
2023-08-31 15:13:51,136 : INFO : ************ Verifying Home Page Tittle ************
2023-08-31 15:13:58,554 : INFO : ************ Home Page Tittle Test is Passed ************
2023-08-31 15:13:58,554 : INFO : ************ Home Page Tittle Test is Passed ************
2023-08-31 15:13:58,554 : INFO : ************ Home Page Tittle Test is Passed ************
2023-08-31 15:13:58,554 : INFO : ************ Home Page Tittle Test is Passed ************
2023-08-31 15:13:58,554 : INFO : ************ Home Page Tittle Test is Passed ************
2023-08-31 15:14:00,630 : INFO : ************ Verifying Login test ************
2023-08-31 15:14:00,630 : INFO : ************ Verifying Login test ************
2023-08-31 15:14:00,630 : INFO : ************ Verifying Login test ************
2023-08-31 15:14:00,630 : INFO : ************ Verifying Login test ************
2023-08-31 15:14:00,630 : INFO : ************ Verifying Login test ************
2023-08-31 15:14:13,539 : INFO : ************ Login Test is Passed ************
2023-08-31 15:14:13,539 : INFO : ************ Login Test is Passed ************
2023-08-31 15:14:13,539 : INFO : ************ Login Test is Passed ************
2023-08-31 15:14:13,539 : INFO : ************ Login Test is Passed ************
2023-08-31 15:14:13,539 : INFO : ************ Login Test is Passed ************
2023-08-31 15:14:15,575 : INFO : ************ Test_002_DDT_Login ************
2023-08-31 15:14:15,575 : INFO : ************ Test_002_DDT_Login ************
2023-08-31 15:14:15,575 : INFO : ************ Test_002_DDT_Login ************
2023-08-31 15:14:15,575 : INFO : ************ Test_002_DDT_Login ************
2023-08-31 15:14:15,575 : INFO : ************ Test_002_DDT_Login ************
2023-08-31 15:14:15,576 : INFO : ************ Verifying Login DDT test ************
2023-08-31 15:14:15,576 : INFO : ************ Verifying Login DDT test ************
2023-08-31 15:14:15,576 : INFO : ************ Verifying Login DDT test ************
2023-08-31 15:14:15,576 : INFO : ************ Verifying Login DDT test ************
2023-08-31 15:14:15,576 : INFO : ************ Verifying Login DDT test ************
2023-08-31 15:14:23,359 : INFO : ***** Passed *****
2023-08-31 15:14:23,359 : INFO : ***** Passed *****
2023-08-31 15:14:23,359 : INFO : ***** Passed *****
2023-08-31 15:14:23,359 : INFO : ***** Passed *****
2023-08-31 15:14:23,359 : INFO : ***** Passed *****
2023-08-31 15:14:27,866 : INFO : ***** Passed *****
2023-08-31 15:14:27,866 : INFO : ***** Passed *****
2023-08-31 15:14:27,866 : INFO : ***** Passed *****
2023-08-31 15:14:27,866 : INFO : ***** Passed *****
2023-08-31 15:14:27,866 : INFO : ***** Passed *****
2023-08-31 15:14:28,667 : INFO : ***** Passed *****
2023-08-31 15:14:28,667 : INFO : ***** Passed *****
2023-08-31 15:14:28,667 : INFO : ***** Passed *****
2023-08-31 15:14:28,667 : INFO : ***** Passed *****
2023-08-31 15:14:28,667 : INFO : ***** Passed *****
2023-08-31 15:14:29,477 : INFO : ***** Passed *****
2023-08-31 15:14:29,477 : INFO : ***** Passed *****
2023-08-31 15:14:29,477 : INFO : ***** Passed *****
2023-08-31 15:14:29,477 : INFO : ***** Passed *****
2023-08-31 15:14:29,477 : INFO : ***** Passed *****
2023-08-31 15:14:29,477 : INFO : ***** Login DDT Test Passed *****
2023-08-31 15:14:29,477 : INFO : ***** Login DDT Test Passed *****
2023-08-31 15:14:29,477 : INFO : ***** Login DDT Test Passed *****
2023-08-31 15:14:29,477 : INFO : ***** Login DDT Test Passed *****
2023-08-31 15:14:29,477 : INFO : ***** Login DDT Test Passed *****
2023-08-31 15:14:29,592 : INFO : ***** End of Login DDT Test *****
2023-08-31 15:14:29,592 : INFO : ***** End of Login DDT Test *****
2023-08-31 15:14:29,592 : INFO : ***** End of Login DDT Test *****
2023-08-31 15:14:29,592 : INFO : ***** End of Login DDT Test *****
2023-08-31 15:14:29,592 : INFO : ***** End of Login DDT Test *****
2023-08-31 15:14:29,593 : INFO : ***** Completed TC_Login_DDT_002 *****
2023-08-31 15:14:29,593 : INFO : ***** Completed TC_Login_DDT_002 *****
2023-08-31 15:14:29,593 : INFO : ***** Completed TC_Login_DDT_002 *****
2023-08-31 15:14:29,593 : INFO : ***** Completed TC_Login_DDT_002 *****
2023-08-31 15:14:29,593 : INFO : ***** Completed TC_Login_DDT_002 *****
2023-08-31 15:14:31,517 : INFO : ********** SearchCustomerByEmail_004 **********
2023-08-31 15:14:31,517 : INFO : ********** SearchCustomerByEmail_004 **********
2023-08-31 15:14:31,517 : INFO : ********** SearchCustomerByEmail_004 **********
2023-08-31 15:14:31,517 : INFO : ********** SearchCustomerByEmail_004 **********
2023-08-31 15:14:31,517 : INFO : ********** SearchCustomerByEmail_004 **********
2023-08-31 15:14:39,321 : INFO : ***** Login successful *****
2023-08-31 15:14:39,321 : INFO : ***** Login successful *****
2023-08-31 15:14:39,321 : INFO : ***** Login successful *****
2023-08-31 15:14:39,321 : INFO : ***** Login successful *****
2023-08-31 15:14:39,321 : INFO : ***** Login successful *****
2023-08-31 15:14:39,321 : INFO : ******* Starting Search Customer By Email *********
2023-08-31 15:14:39,321 : INFO : ******* Starting Search Customer By Email *********
2023-08-31 15:14:39,321 : INFO : ******* Starting Search Customer By Email *********
2023-08-31 15:14:39,321 : INFO : ******* Starting Search Customer By Email *********
2023-08-31 15:14:39,321 : INFO : ******* Starting Search Customer By Email *********
2023-08-31 15:14:41,017 : INFO : ******** searching customer by emailID *******
2023-08-31 15:14:41,017 : INFO : ******** searching customer by emailID *******
2023-08-31 15:14:41,017 : INFO : ******** searching customer by emailID *******
2023-08-31 15:14:41,017 : INFO : ******** searching customer by emailID *******
2023-08-31 15:14:41,017 : INFO : ******** searching customer by emailID *******
2023-08-31 15:14:46,507 : INFO : ******* TC_SearchCustomerBy Email_004 Finished ******
2023-08-31 15:14:46,507 : INFO : ******* TC_SearchCustomerBy Email_004 Finished ******
2023-08-31 15:14:46,507 : INFO : ******* TC_SearchCustomerBy Email_004 Finished ******
2023-08-31 15:14:46,507 : INFO : ******* TC_SearchCustomerBy Email_004 Finished ******
2023-08-31 15:14:46,507 : INFO : ******* TC_SearchCustomerBy Email_004 Finished ******
2023-08-31 15:15:02,600 : INFO : ***** Test_003_AddCustomer *****
2023-08-31 15:15:11,616 : INFO : ******* Login successful ********
2023-08-31 15:15:14,618 : INFO : ******* Starting Add Customer Test **********
2023-08-31 15:15:18,009 : INFO : ******* Providing customer info ******
2023-08-31 15:16:20,444 : INFO : ***** Test_003_AddCustomer *****
2023-08-31 15:16:25,809 : INFO : ******* Login successful ********
2023-08-31 15:16:28,810 : INFO : ******* Starting Add Customer Test **********
2023-08-31 15:16:32,194 : INFO : ******* Providing customer info ******
2023-08-31 15:16:44,221 : INFO : ********** Saving customer info ********
2023-08-31 15:16:44,222 : INFO : ********** Add customer validation started ********
2023-08-31 15:16:44,513 : INFO : ***** Add customer Test Passed *****
2023-08-31 15:16:44,746 : INFO : ******* Ending Home Page Title Test ******
